<?xml version="1.0" encoding="UTF-8"?>
<!-- Generated by org.testng.reporters.JUnitReportReporter -->
<testsuite hostname="Zeyneps-MBP" failures="0" tests="3" name="tests.LoginParallelTest" time="31.957" errors="0" timestamp="2021-03-20T14:20:10 EDT" skipped="0">
  <testcase classname="tests.LoginParallelTest" name="createContactsTest" time="10.889"/>
  <system-out/>
  <testcase classname="tests.LoginParallelTest" name="createContactsTest" time="10.886"/>
  <system-out/>
  <testcase classname="tests.LoginParallelTest" name="createContactsTest" time="10.182"/>
  <system-out/>
</testsuite> <!-- tests.LoginParallelTest -->
