<?xml version="1.0" encoding="UTF-8"?>
<!-- Generated by org.testng.reporters.JUnitReportReporter -->
<testsuite hostname="Zeyneps-MBP" failures="0" tests="3" name="tests.LoginPageTest" time="33.261" errors="0" timestamp="2021-03-20T14:19:16 EDT" skipped="0">
  <testcase classname="tests.LoginPageTest" name="testPageTitle" time="9.559"/>
  <system-out/>
  <testcase classname="tests.LoginPageTest" name="filexiblePackage" time="10.862"/>
  <system-out/>
  <testcase classname="tests.LoginPageTest" name="testLogin" time="12.840"/>
  <system-out/>
</testsuite> <!-- tests.LoginPageTest -->
